

Started GET "/" for 127.0.0.1 at 2014-09-02 11:25:51 +0900
Processing by Rails::WelcomeController#index as HTML
  Rendered /Users/susu/.rbenv/versions/2.1.2/lib/ruby/gems/2.1.0/gems/railties-4.1.5/lib/rails/templates/rails/welcome/index.html.erb (1.8ms)
Completed 200 OK in 13ms (Views: 5.9ms | ActiveRecord: 0.0ms)
  [1m[36m (0.9ms)[0m  [1mCREATE TABLE "schema_migrations" ("version" varchar(255) NOT NULL) [0m
  [1m[35m (0.1ms)[0m  select sqlite_version(*)
  [1m[36m (0.7ms)[0m  [1mCREATE UNIQUE INDEX "unique_schema_migrations" ON "schema_migrations" ("version")[0m
  [1m[35mActiveRecord::SchemaMigration Load (0.1ms)[0m  SELECT "schema_migrations".* FROM "schema_migrations"
Migrating to CreateStatuses (20140902022956)
  [1m[36m (0.0ms)[0m  [1mbegin transaction[0m
  [1m[35m (0.3ms)[0m  CREATE TABLE "statuses" ("id" INTEGER PRIMARY KEY AUTOINCREMENT NOT NULL, "name" varchar(255), "content" text, "created_at" datetime, "updated_at" datetime) 
  [1m[36mSQL (0.1ms)[0m  [1mINSERT INTO "schema_migrations" ("version") VALUES (?)[0m  [["version", "20140902022956"]]
  [1m[35m (0.7ms)[0m  commit transaction
  [1m[36mActiveRecord::SchemaMigration Load (0.1ms)[0m  [1mSELECT "schema_migrations".* FROM "schema_migrations"[0m


Started GET "/" for 127.0.0.1 at 2014-09-02 11:48:21 +0900
  [1m[36mActiveRecord::SchemaMigration Load (0.1ms)[0m  [1mSELECT "schema_migrations".* FROM "schema_migrations"[0m
Processing by Rails::WelcomeController#index as HTML
  Rendered /Users/susu/.rbenv/versions/2.1.2/lib/ruby/gems/2.1.0/gems/railties-4.1.5/lib/rails/templates/rails/welcome/index.html.erb (1.6ms)
Completed 200 OK in 13ms (Views: 5.5ms | ActiveRecord: 0.0ms)


Started GET "/statuses" for 127.0.0.1 at 2014-09-02 11:48:27 +0900
Processing by StatusesController#index as HTML
Completed 500 Internal Server Error in 2ms

NoMethodError (undefined method `attr_accessible' for #<Class:0x007fa5c2c7e858>):
  app/models/status.rb:2:in `<class:Status>'
  app/models/status.rb:1:in `<top (required)>'
  app/controllers/statuses_controller.rb:7:in `index'


  Rendered /Users/susu/.rbenv/versions/2.1.2/lib/ruby/gems/2.1.0/gems/actionpack-4.1.5/lib/action_dispatch/middleware/templates/rescues/_source.erb (1.1ms)
  Rendered /Users/susu/.rbenv/versions/2.1.2/lib/ruby/gems/2.1.0/gems/actionpack-4.1.5/lib/action_dispatch/middleware/templates/rescues/_trace.html.erb (1.2ms)
  Rendered /Users/susu/.rbenv/versions/2.1.2/lib/ruby/gems/2.1.0/gems/actionpack-4.1.5/lib/action_dispatch/middleware/templates/rescues/_request_and_response.html.erb (0.9ms)
  Rendered /Users/susu/.rbenv/versions/2.1.2/lib/ruby/gems/2.1.0/gems/actionpack-4.1.5/lib/action_dispatch/middleware/templates/rescues/diagnostics.erb within rescues/layout (21.4ms)


Started GET "/status" for 127.0.0.1 at 2014-09-02 11:48:31 +0900

ActionController::RoutingError (No route matches [GET] "/status"):
  actionpack (4.1.5) lib/action_dispatch/middleware/debug_exceptions.rb:21:in `call'
  actionpack (4.1.5) lib/action_dispatch/middleware/show_exceptions.rb:30:in `call'
  railties (4.1.5) lib/rails/rack/logger.rb:38:in `call_app'
  railties (4.1.5) lib/rails/rack/logger.rb:20:in `block in call'
  activesupport (4.1.5) lib/active_support/tagged_logging.rb:68:in `block in tagged'
  activesupport (4.1.5) lib/active_support/tagged_logging.rb:26:in `tagged'
  activesupport (4.1.5) lib/active_support/tagged_logging.rb:68:in `tagged'
  railties (4.1.5) lib/rails/rack/logger.rb:20:in `call'
  actionpack (4.1.5) lib/action_dispatch/middleware/request_id.rb:21:in `call'
  rack (1.5.2) lib/rack/methodoverride.rb:21:in `call'
  rack (1.5.2) lib/rack/runtime.rb:17:in `call'
  activesupport (4.1.5) lib/active_support/cache/strategy/local_cache_middleware.rb:26:in `call'
  rack (1.5.2) lib/rack/lock.rb:17:in `call'
  actionpack (4.1.5) lib/action_dispatch/middleware/static.rb:64:in `call'
  rack (1.5.2) lib/rack/sendfile.rb:112:in `call'
  railties (4.1.5) lib/rails/engine.rb:514:in `call'
  railties (4.1.5) lib/rails/application.rb:144:in `call'
  rack (1.5.2) lib/rack/lock.rb:17:in `call'
  rack (1.5.2) lib/rack/content_length.rb:14:in `call'
  rack (1.5.2) lib/rack/handler/webrick.rb:60:in `service'
  /Users/susu/.rbenv/versions/2.1.2/lib/ruby/2.1.0/webrick/httpserver.rb:138:in `service'
  /Users/susu/.rbenv/versions/2.1.2/lib/ruby/2.1.0/webrick/httpserver.rb:94:in `run'
  /Users/susu/.rbenv/versions/2.1.2/lib/ruby/2.1.0/webrick/server.rb:295:in `block in start_thread'


  Rendered /Users/susu/.rbenv/versions/2.1.2/lib/ruby/gems/2.1.0/gems/actionpack-4.1.5/lib/action_dispatch/middleware/templates/rescues/_trace.html.erb (0.8ms)
  Rendered /Users/susu/.rbenv/versions/2.1.2/lib/ruby/gems/2.1.0/gems/actionpack-4.1.5/lib/action_dispatch/middleware/templates/routes/_route.html.erb (1.1ms)
  Rendered /Users/susu/.rbenv/versions/2.1.2/lib/ruby/gems/2.1.0/gems/actionpack-4.1.5/lib/action_dispatch/middleware/templates/routes/_table.html.erb (8.4ms)
  Rendered /Users/susu/.rbenv/versions/2.1.2/lib/ruby/gems/2.1.0/gems/actionpack-4.1.5/lib/action_dispatch/middleware/templates/rescues/routing_error.html.erb within rescues/layout (28.8ms)


Started GET "/statuses" for 127.0.0.1 at 2014-09-02 11:48:44 +0900
Processing by StatusesController#index as HTML
Completed 500 Internal Server Error in 2ms

NoMethodError (undefined method `attr_accessible' for #<Class:0x007fa5c6873728>):
  app/models/status.rb:2:in `<class:Status>'
  app/models/status.rb:1:in `<top (required)>'
  app/controllers/statuses_controller.rb:7:in `index'


  Rendered /Users/susu/.rbenv/versions/2.1.2/lib/ruby/gems/2.1.0/gems/actionpack-4.1.5/lib/action_dispatch/middleware/templates/rescues/_source.erb (1.0ms)
  Rendered /Users/susu/.rbenv/versions/2.1.2/lib/ruby/gems/2.1.0/gems/actionpack-4.1.5/lib/action_dispatch/middleware/templates/rescues/_trace.html.erb (0.9ms)
  Rendered /Users/susu/.rbenv/versions/2.1.2/lib/ruby/gems/2.1.0/gems/actionpack-4.1.5/lib/action_dispatch/middleware/templates/rescues/_request_and_response.html.erb (0.7ms)
  Rendered /Users/susu/.rbenv/versions/2.1.2/lib/ruby/gems/2.1.0/gems/actionpack-4.1.5/lib/action_dispatch/middleware/templates/rescues/diagnostics.erb within rescues/layout (13.6ms)


Started GET "/statuses" for 127.0.0.1 at 2014-09-02 11:49:09 +0900
  [1m[36mActiveRecord::SchemaMigration Load (0.1ms)[0m  [1mSELECT "schema_migrations".* FROM "schema_migrations"[0m
Processing by StatusesController#index as HTML
  [1m[35mStatus Load (0.1ms)[0m  SELECT "statuses".* FROM "statuses"
  Rendered statuses/index.html.erb within layouts/application (1.7ms)
Completed 200 OK in 785ms (Views: 776.4ms | ActiveRecord: 0.1ms)


Started GET "/assets/jquery.js?body=1" for 127.0.0.1 at 2014-09-02 11:49:10 +0900


Started GET "/assets/application.css?body=1" for 127.0.0.1 at 2014-09-02 11:49:10 +0900


Started GET "/assets/jquery_ujs.js?body=1" for 127.0.0.1 at 2014-09-02 11:49:10 +0900


Started GET "/assets/statuses.css?body=1" for 127.0.0.1 at 2014-09-02 11:49:10 +0900


Started GET "/assets/scaffolds.css?body=1" for 127.0.0.1 at 2014-09-02 11:49:10 +0900


Started GET "/assets/turbolinks.js?body=1" for 127.0.0.1 at 2014-09-02 11:49:10 +0900


Started GET "/assets/statuses.js?body=1" for 127.0.0.1 at 2014-09-02 11:49:10 +0900


Started GET "/assets/application.js?body=1" for 127.0.0.1 at 2014-09-02 11:49:10 +0900


Started GET "/statuses/new" for 127.0.0.1 at 2014-09-02 11:49:13 +0900
Processing by StatusesController#new as HTML
  Rendered statuses/_form.html.erb (24.5ms)
  Rendered statuses/new.html.erb within layouts/application (27.7ms)
Completed 200 OK in 33ms (Views: 31.8ms | ActiveRecord: 0.2ms)


Started POST "/statuses" for 127.0.0.1 at 2014-09-02 11:49:27 +0900
Processing by StatusesController#create as HTML
  Parameters: {"utf8"=>"✓", "authenticity_token"=>"t0i5kS7wqpgzQFgg8XoBVzYbMbw/Vz25Xwx4O25PUfs=", "status"=>{"name"=>"subin", "content"=>"Software Maestro 5th"}, "commit"=>"Create Status"}
  [1m[36m (0.1ms)[0m  [1mbegin transaction[0m
  [1m[35mSQL (0.4ms)[0m  INSERT INTO "statuses" ("content", "created_at", "name", "updated_at") VALUES (?, ?, ?, ?)  [["content", "Software Maestro 5th"], ["created_at", "2014-09-02 02:49:27.035362"], ["name", "subin"], ["updated_at", "2014-09-02 02:49:27.035362"]]
  [1m[36m (0.5ms)[0m  [1mcommit transaction[0m
Redirected to http://0.0.0.0:3000/statuses/1
Completed 302 Found in 6ms (ActiveRecord: 1.1ms)


Started GET "/statuses/1" for 127.0.0.1 at 2014-09-02 11:49:27 +0900
Processing by StatusesController#show as HTML
  Parameters: {"id"=>"1"}
  [1m[35mStatus Load (0.2ms)[0m  SELECT  "statuses".* FROM "statuses"  WHERE "statuses"."id" = ? LIMIT 1  [["id", 1]]
  Rendered statuses/show.html.erb within layouts/application (0.7ms)
Completed 200 OK in 8ms (Views: 4.0ms | ActiveRecord: 0.2ms)


Started GET "/statuses" for 127.0.0.1 at 2014-09-02 11:49:29 +0900
Processing by StatusesController#index as HTML
  [1m[36mStatus Load (0.1ms)[0m  [1mSELECT "statuses".* FROM "statuses"[0m
  Rendered statuses/index.html.erb within layouts/application (1.3ms)
Completed 200 OK in 5ms (Views: 4.6ms | ActiveRecord: 0.1ms)


Started GET "/" for 127.0.0.1 at 2014-09-02 12:03:10 +0900
  [1m[36mActiveRecord::SchemaMigration Load (0.1ms)[0m  [1mSELECT "schema_migrations".* FROM "schema_migrations"[0m
Processing by Rails::WelcomeController#index as HTML
  Rendered /Users/susu/.rbenv/versions/2.1.2/lib/ruby/gems/2.1.0/gems/railties-4.1.5/lib/rails/templates/rails/welcome/index.html.erb (1.3ms)
Completed 200 OK in 13ms (Views: 5.1ms | ActiveRecord: 0.0ms)


Started GET "/statuses" for 127.0.0.1 at 2014-09-02 12:03:14 +0900
Processing by StatusesController#index as HTML
  [1m[35mStatus Load (0.2ms)[0m  SELECT "statuses".* FROM "statuses"
  Rendered statuses/index.html.erb within layouts/application (4.4ms)
Completed 200 OK in 32ms (Views: 29.4ms | ActiveRecord: 0.3ms)


Started GET "/assets/statuses.css?body=1" for 127.0.0.1 at 2014-09-02 12:03:14 +0900


Started GET "/assets/scaffolds.css?body=1" for 127.0.0.1 at 2014-09-02 12:03:14 +0900


Started GET "/assets/application.css?body=1" for 127.0.0.1 at 2014-09-02 12:03:14 +0900


Started GET "/assets/turbolinks.js?body=1" for 127.0.0.1 at 2014-09-02 12:03:14 +0900


Started GET "/assets/jquery_ujs.js?body=1" for 127.0.0.1 at 2014-09-02 12:03:14 +0900


Started GET "/assets/jquery.js?body=1" for 127.0.0.1 at 2014-09-02 12:03:14 +0900


Started GET "/assets/statuses.js?body=1" for 127.0.0.1 at 2014-09-02 12:03:14 +0900


Started GET "/assets/application.js?body=1" for 127.0.0.1 at 2014-09-02 12:03:14 +0900


Started GET "/statuses/new" for 127.0.0.1 at 2014-09-02 12:03:16 +0900
Processing by StatusesController#new as HTML
  Rendered statuses/_form.html.erb (10.2ms)
  Rendered statuses/new.html.erb within layouts/application (12.8ms)
Completed 200 OK in 17ms (Views: 16.3ms | ActiveRecord: 0.0ms)


Started GET "/statuses" for 127.0.0.1 at 2014-09-02 12:03:39 +0900
  [1m[36mActiveRecord::SchemaMigration Load (0.1ms)[0m  [1mSELECT "schema_migrations".* FROM "schema_migrations"[0m
Processing by StatusesController#index as HTML
  [1m[35mStatus Load (0.1ms)[0m  SELECT "statuses".* FROM "statuses"
  Rendered statuses/index.html.erb within layouts/application (4.9ms)
Completed 200 OK in 41ms (Views: 31.8ms | ActiveRecord: 0.3ms)


Started GET "/assets/application.css?body=1" for 127.0.0.1 at 2014-09-02 12:03:39 +0900


Started GET "/assets/statuses.css?body=1" for 127.0.0.1 at 2014-09-02 12:03:39 +0900


Started GET "/assets/jquery_ujs.js?body=1" for 127.0.0.1 at 2014-09-02 12:03:39 +0900


Started GET "/assets/jquery.js?body=1" for 127.0.0.1 at 2014-09-02 12:03:39 +0900


Started GET "/assets/scaffolds.css?body=1" for 127.0.0.1 at 2014-09-02 12:03:39 +0900


Started GET "/assets/turbolinks.js?body=1" for 127.0.0.1 at 2014-09-02 12:03:39 +0900


Started GET "/assets/statuses.js?body=1" for 127.0.0.1 at 2014-09-02 12:03:39 +0900


Started GET "/assets/application.js?body=1" for 127.0.0.1 at 2014-09-02 12:03:39 +0900


Started GET "/statuses/new" for 127.0.0.1 at 2014-09-02 12:03:41 +0900
Processing by StatusesController#new as HTML
  Rendered statuses/_form.html.erb (9.8ms)
  Rendered statuses/new.html.erb within layouts/application (12.1ms)
Completed 200 OK in 16ms (Views: 15.4ms | ActiveRecord: 0.0ms)


Started GET "/statuses" for 127.0.0.1 at 2014-09-02 12:03:44 +0900
Processing by StatusesController#index as HTML
  [1m[36mStatus Load (0.1ms)[0m  [1mSELECT "statuses".* FROM "statuses"[0m
  Rendered statuses/index.html.erb within layouts/application (1.6ms)
Completed 200 OK in 6ms (Views: 5.1ms | ActiveRecord: 0.1ms)
  [1m[36mActiveRecord::SchemaMigration Load (0.1ms)[0m  [1mSELECT "schema_migrations".* FROM "schema_migrations"[0m
Migrating to DeviseCreateUsers (20140902050301)
  [1m[35m (0.2ms)[0m  begin transaction
  [1m[36m (0.4ms)[0m  [1mCREATE TABLE "users" ("id" INTEGER PRIMARY KEY AUTOINCREMENT NOT NULL, "first_name" varchar(255), "last_name" varchar(255), "profile_name" varchar(255), "email" varchar(255) DEFAULT '' NOT NULL, "encrypted_password" varchar(255) DEFAULT '' NOT NULL, "reset_password_token" varchar(255), "reset_password_sent_at" datetime, "remember_created_at" datetime, "sign_in_count" integer DEFAULT 0 NOT NULL, "current_sign_in_at" datetime, "last_sign_in_at" datetime, "current_sign_in_ip" varchar(255), "last_sign_in_ip" varchar(255), "created_at" datetime, "updated_at" datetime) [0m
  [1m[35m (0.1ms)[0m  select sqlite_version(*)
  [1m[36m (0.8ms)[0m  [1mCREATE UNIQUE INDEX "index_users_on_email" ON "users" ("email")[0m
  [1m[35m (0.1ms)[0m              SELECT sql
            FROM sqlite_master
            WHERE name='index_users_on_email' AND type='index'
            UNION ALL
            SELECT sql
            FROM sqlite_temp_master
            WHERE name='index_users_on_email' AND type='index'

  [1m[36m (0.1ms)[0m  [1mCREATE UNIQUE INDEX "index_users_on_reset_password_token" ON "users" ("reset_password_token")[0m
  [1m[35mSQL (1.2ms)[0m  INSERT INTO "schema_migrations" ("version") VALUES (?)  [["version", "20140902050301"]]
  [1m[36m (12.2ms)[0m  [1mcommit transaction[0m
  [1m[35mActiveRecord::SchemaMigration Load (0.2ms)[0m  SELECT "schema_migrations".* FROM "schema_migrations"
  [1m[36m (0.7ms)[0m  [1m            SELECT sql
            FROM sqlite_master
            WHERE name='index_users_on_reset_password_token' AND type='index'
            UNION ALL
            SELECT sql
            FROM sqlite_temp_master
            WHERE name='index_users_on_reset_password_token' AND type='index'
[0m
  [1m[35m (0.2ms)[0m              SELECT sql
            FROM sqlite_master
            WHERE name='index_users_on_email' AND type='index'
            UNION ALL
            SELECT sql
            FROM sqlite_temp_master
            WHERE name='index_users_on_email' AND type='index'



Started GET "/" for 127.0.0.1 at 2014-09-02 14:07:58 +0900
  [1m[36mActiveRecord::SchemaMigration Load (0.1ms)[0m  [1mSELECT "schema_migrations".* FROM "schema_migrations"[0m
Processing by StatusesController#index as HTML
  [1m[35mStatus Load (0.1ms)[0m  SELECT "statuses".* FROM "statuses"
  Rendered statuses/index.html.erb within layouts/application (12.3ms)
Completed 200 OK in 62ms (Views: 46.7ms | ActiveRecord: 0.3ms)


Started GET "/assets/scaffolds.css?body=1" for 127.0.0.1 at 2014-09-02 14:07:58 +0900


Started GET "/assets/application.css?body=1" for 127.0.0.1 at 2014-09-02 14:07:58 +0900


Started GET "/assets/jquery.js?body=1" for 127.0.0.1 at 2014-09-02 14:07:58 +0900


Started GET "/assets/statuses.js?body=1" for 127.0.0.1 at 2014-09-02 14:07:58 +0900


Started GET "/assets/statuses.css?body=1" for 127.0.0.1 at 2014-09-02 14:07:58 +0900


Started GET "/assets/turbolinks.js?body=1" for 127.0.0.1 at 2014-09-02 14:07:58 +0900


Started GET "/assets/jquery_ujs.js?body=1" for 127.0.0.1 at 2014-09-02 14:07:58 +0900


Started GET "/assets/application.js?body=1" for 127.0.0.1 at 2014-09-02 14:07:58 +0900


Started GET "/users/signup" for 127.0.0.1 at 2014-09-02 14:08:12 +0900

ActionController::RoutingError (No route matches [GET] "/users/signup"):
  actionpack (4.1.5) lib/action_dispatch/middleware/debug_exceptions.rb:21:in `call'
  actionpack (4.1.5) lib/action_dispatch/middleware/show_exceptions.rb:30:in `call'
  railties (4.1.5) lib/rails/rack/logger.rb:38:in `call_app'
  railties (4.1.5) lib/rails/rack/logger.rb:20:in `block in call'
  activesupport (4.1.5) lib/active_support/tagged_logging.rb:68:in `block in tagged'
  activesupport (4.1.5) lib/active_support/tagged_logging.rb:26:in `tagged'
  activesupport (4.1.5) lib/active_support/tagged_logging.rb:68:in `tagged'
  railties (4.1.5) lib/rails/rack/logger.rb:20:in `call'
  actionpack (4.1.5) lib/action_dispatch/middleware/request_id.rb:21:in `call'
  rack (1.5.2) lib/rack/methodoverride.rb:21:in `call'
  rack (1.5.2) lib/rack/runtime.rb:17:in `call'
  activesupport (4.1.5) lib/active_support/cache/strategy/local_cache_middleware.rb:26:in `call'
  rack (1.5.2) lib/rack/lock.rb:17:in `call'
  actionpack (4.1.5) lib/action_dispatch/middleware/static.rb:64:in `call'
  rack (1.5.2) lib/rack/sendfile.rb:112:in `call'
  railties (4.1.5) lib/rails/engine.rb:514:in `call'
  railties (4.1.5) lib/rails/application.rb:144:in `call'
  rack (1.5.2) lib/rack/lock.rb:17:in `call'
  rack (1.5.2) lib/rack/content_length.rb:14:in `call'
  rack (1.5.2) lib/rack/handler/webrick.rb:60:in `service'
  /Users/susu/.rbenv/versions/2.1.2/lib/ruby/2.1.0/webrick/httpserver.rb:138:in `service'
  /Users/susu/.rbenv/versions/2.1.2/lib/ruby/2.1.0/webrick/httpserver.rb:94:in `run'
  /Users/susu/.rbenv/versions/2.1.2/lib/ruby/2.1.0/webrick/server.rb:295:in `block in start_thread'


  Rendered /Users/susu/.rbenv/versions/2.1.2/lib/ruby/gems/2.1.0/gems/actionpack-4.1.5/lib/action_dispatch/middleware/templates/rescues/_trace.html.erb (1.1ms)
  Rendered /Users/susu/.rbenv/versions/2.1.2/lib/ruby/gems/2.1.0/gems/actionpack-4.1.5/lib/action_dispatch/middleware/templates/routes/_route.html.erb (1.6ms)
  Rendered /Users/susu/.rbenv/versions/2.1.2/lib/ruby/gems/2.1.0/gems/actionpack-4.1.5/lib/action_dispatch/middleware/templates/routes/_table.html.erb (8.0ms)
  Rendered /Users/susu/.rbenv/versions/2.1.2/lib/ruby/gems/2.1.0/gems/actionpack-4.1.5/lib/action_dispatch/middleware/templates/rescues/routing_error.html.erb within rescues/layout (31.1ms)


Started GET "/users/sign_up" for 127.0.0.1 at 2014-09-02 14:08:20 +0900
Processing by Devise::RegistrationsController#new as HTML
  Rendered /Users/susu/.rbenv/versions/2.1.2/lib/ruby/gems/2.1.0/gems/devise-3.3.0/app/views/devise/shared/_links.erb (1.8ms)
  Rendered /Users/susu/.rbenv/versions/2.1.2/lib/ruby/gems/2.1.0/gems/devise-3.3.0/app/views/devise/registrations/new.html.erb within layouts/application (25.3ms)
Completed 200 OK in 39ms (Views: 32.4ms | ActiveRecord: 0.5ms)


Started GET "/users/sign_up" for 127.0.0.1 at 2014-09-02 14:12:58 +0900
  [1m[36mActiveRecord::SchemaMigration Load (0.1ms)[0m  [1mSELECT "schema_migrations".* FROM "schema_migrations"[0m
Processing by Devise::RegistrationsController#new as HTML
  Rendered devise/shared/_links.erb (1.0ms)
  Rendered devise/registrations/new.html.erb within layouts/application (25.3ms)
Completed 200 OK in 68ms (Views: 53.2ms | ActiveRecord: 0.3ms)


Started GET "/users/sign_up" for 127.0.0.1 at 2014-09-02 14:15:39 +0900
Processing by Devise::RegistrationsController#new as HTML
  Rendered devise/shared/_links.erb (0.2ms)
  Rendered devise/registrations/new.html.erb within layouts/application (2.9ms)
Completed 200 OK in 9ms (Views: 7.6ms | ActiveRecord: 0.0ms)


Started GET "/assets/scaffolds.css?body=1" for 127.0.0.1 at 2014-09-02 14:15:39 +0900


Started GET "/assets/statuses.css?body=1" for 127.0.0.1 at 2014-09-02 14:15:39 +0900


Started GET "/assets/application.css?body=1" for 127.0.0.1 at 2014-09-02 14:15:39 +0900


Started GET "/assets/jquery.js?body=1" for 127.0.0.1 at 2014-09-02 14:15:39 +0900


Started GET "/assets/statuses.js?body=1" for 127.0.0.1 at 2014-09-02 14:15:39 +0900


Started GET "/assets/turbolinks.js?body=1" for 127.0.0.1 at 2014-09-02 14:15:39 +0900


Started GET "/assets/jquery_ujs.js?body=1" for 127.0.0.1 at 2014-09-02 14:15:39 +0900


Started GET "/assets/application.js?body=1" for 127.0.0.1 at 2014-09-02 14:15:39 +0900


Started GET "/users/sign_up" for 127.0.0.1 at 2014-09-02 14:15:42 +0900
Processing by Devise::RegistrationsController#new as HTML
  Rendered devise/shared/_links.erb (0.2ms)
  Rendered devise/registrations/new.html.erb within layouts/application (3.5ms)
Completed 200 OK in 10ms (Views: 9.0ms | ActiveRecord: 0.0ms)


Started GET "/assets/scaffolds.css?body=1" for 127.0.0.1 at 2014-09-02 14:15:42 +0900


Started GET "/assets/application.css?body=1" for 127.0.0.1 at 2014-09-02 14:15:42 +0900


Started GET "/assets/statuses.css?body=1" for 127.0.0.1 at 2014-09-02 14:15:42 +0900


Started GET "/assets/turbolinks.js?body=1" for 127.0.0.1 at 2014-09-02 14:15:42 +0900


Started GET "/assets/statuses.js?body=1" for 127.0.0.1 at 2014-09-02 14:15:42 +0900


Started GET "/assets/jquery.js?body=1" for 127.0.0.1 at 2014-09-02 14:15:42 +0900


Started GET "/assets/jquery_ujs.js?body=1" for 127.0.0.1 at 2014-09-02 14:15:42 +0900


Started GET "/assets/application.js?body=1" for 127.0.0.1 at 2014-09-02 14:15:42 +0900


Started POST "/users" for 127.0.0.1 at 2014-09-02 14:16:06 +0900
Processing by Devise::RegistrationsController#create as HTML
  Parameters: {"utf8"=>"✓", "authenticity_token"=>"UT0N+ld4mZPd2RjPTQNz0VHd3EcCifJcO3XSzPgC4X4=", "user"=>{"first_name"=>"Choi", "last_name"=>"Subin", "profile_name"=>"Susu", "email"=>"os1742@gmail.com", "password"=>"[FILTERED]", "password_confirmation"=>"[FILTERED]"}, "commit"=>"Sign up"}
Unpermitted parameters: first_name, last_name, profile_name
  [1m[35m (0.1ms)[0m  begin transaction
  [1m[36mUser Exists (0.2ms)[0m  [1mSELECT  1 AS one FROM "users"  WHERE "users"."email" = 'os1742@gmail.com' LIMIT 1[0m
Binary data inserted for `string` type on column `encrypted_password`
  [1m[35mSQL (0.5ms)[0m  INSERT INTO "users" ("created_at", "email", "encrypted_password", "updated_at") VALUES (?, ?, ?, ?)  [["created_at", "2014-09-02 05:16:06.765932"], ["email", "os1742@gmail.com"], ["encrypted_password", "$2a$10$UI1Reeyz6II3dLkGEKt4m.jKM/EfpM7XqEOACpYqYiXkbEVnLVXf2"], ["updated_at", "2014-09-02 05:16:06.765932"]]
  [1m[36m (0.7ms)[0m  [1mcommit transaction[0m
  [1m[35m (0.0ms)[0m  begin transaction
Binary data inserted for `string` type on column `current_sign_in_ip`
Binary data inserted for `string` type on column `last_sign_in_ip`
  [1m[36mSQL (0.3ms)[0m  [1mUPDATE "users" SET "current_sign_in_at" = ?, "current_sign_in_ip" = ?, "last_sign_in_at" = ?, "last_sign_in_ip" = ?, "sign_in_count" = ?, "updated_at" = ? WHERE "users"."id" = 1[0m  [["current_sign_in_at", "2014-09-02 05:16:06.770330"], ["current_sign_in_ip", "127.0.0.1"], ["last_sign_in_at", "2014-09-02 05:16:06.770330"], ["last_sign_in_ip", "127.0.0.1"], ["sign_in_count", 1], ["updated_at", "2014-09-02 05:16:06.771168"]]
  [1m[35m (0.6ms)[0m  commit transaction
Redirected to http://localhost:3000/
Completed 302 Found in 98ms (ActiveRecord: 2.3ms)


Started GET "/" for 127.0.0.1 at 2014-09-02 14:16:06 +0900
Processing by StatusesController#index as HTML
  [1m[36mStatus Load (0.4ms)[0m  [1mSELECT "statuses".* FROM "statuses"[0m
  Rendered statuses/index.html.erb within layouts/application (5.9ms)
Completed 200 OK in 13ms (Views: 10.0ms | ActiveRecord: 0.6ms)


Started GET "/assets/scaffolds.css?body=1" for 127.0.0.1 at 2014-09-02 14:16:06 +0900


Started GET "/assets/statuses.css?body=1" for 127.0.0.1 at 2014-09-02 14:16:06 +0900


Started GET "/assets/statuses.js?body=1" for 127.0.0.1 at 2014-09-02 14:16:06 +0900


Started GET "/assets/jquery.js?body=1" for 127.0.0.1 at 2014-09-02 14:16:06 +0900


Started GET "/assets/application.js?body=1" for 127.0.0.1 at 2014-09-02 14:16:06 +0900


Started GET "/assets/application.css?body=1" for 127.0.0.1 at 2014-09-02 14:16:06 +0900


Started GET "/assets/turbolinks.js?body=1" for 127.0.0.1 at 2014-09-02 14:16:06 +0900


Started GET "/assets/jquery_ujs.js?body=1" for 127.0.0.1 at 2014-09-02 14:16:06 +0900


Started GET "/statuses/new" for 127.0.0.1 at 2014-09-02 14:16:15 +0900
Processing by StatusesController#new as HTML
  Rendered statuses/_form.html.erb (11.2ms)
  Rendered statuses/new.html.erb within layouts/application (12.4ms)
Completed 200 OK in 18ms (Views: 17.0ms | ActiveRecord: 0.0ms)
  [1m[36mUser Load (0.2ms)[0m  [1mSELECT  "users".* FROM "users"   ORDER BY "users"."id" ASC LIMIT 1[0m
  [1m[35m (1.0ms)[0m  begin transaction
  [1m[36mSQL (0.4ms)[0m  [1mDELETE FROM "users" WHERE "users"."id" = ?[0m  [["id", 1]]
  [1m[35m (9.1ms)[0m  commit transaction


Started GET "/users/sign_up" for 127.0.0.1 at 2014-09-02 14:17:57 +0900
  [1m[36mActiveRecord::SchemaMigration Load (0.1ms)[0m  [1mSELECT "schema_migrations".* FROM "schema_migrations"[0m
Processing by Devise::RegistrationsController#new as HTML
  [1m[35mUser Load (0.3ms)[0m  SELECT  "users".* FROM "users"  WHERE "users"."id" = 1  ORDER BY "users"."id" ASC LIMIT 1
  Rendered devise/shared/_links.erb (1.2ms)
  Rendered devise/registrations/new.html.erb within layouts/application (24.9ms)
Completed 200 OK in 77ms (Views: 56.9ms | ActiveRecord: 0.7ms)


Started GET "/assets/application.css?body=1" for 127.0.0.1 at 2014-09-02 14:17:57 +0900


Started GET "/assets/statuses.css?body=1" for 127.0.0.1 at 2014-09-02 14:17:57 +0900


Started GET "/assets/jquery_ujs.js?body=1" for 127.0.0.1 at 2014-09-02 14:17:57 +0900


Started GET "/assets/scaffolds.css?body=1" for 127.0.0.1 at 2014-09-02 14:17:57 +0900


Started GET "/assets/turbolinks.js?body=1" for 127.0.0.1 at 2014-09-02 14:17:57 +0900


Started GET "/assets/jquery.js?body=1" for 127.0.0.1 at 2014-09-02 14:17:57 +0900


Started GET "/assets/statuses.js?body=1" for 127.0.0.1 at 2014-09-02 14:17:57 +0900


Started GET "/assets/application.js?body=1" for 127.0.0.1 at 2014-09-02 14:17:57 +0900


Started POST "/users" for 127.0.0.1 at 2014-09-02 14:18:09 +0900
Processing by Devise::RegistrationsController#create as HTML
  Parameters: {"utf8"=>"✓", "authenticity_token"=>"UT0N+ld4mZPd2RjPTQNz0VHd3EcCifJcO3XSzPgC4X4=", "user"=>{"first_name"=>"Choi", "last_name"=>"Subin", "profile_name"=>"Susu", "email"=>"os1742@gmail.com", "password"=>"[FILTERED]", "password_confirmation"=>"[FILTERED]"}, "commit"=>"Sign up"}
Unpermitted parameters: first_name, last_name, profile_name
  [1m[36m (0.1ms)[0m  [1mbegin transaction[0m
  [1m[35mUser Exists (0.2ms)[0m  SELECT  1 AS one FROM "users"  WHERE "users"."email" = 'os1742@gmail.com' LIMIT 1
Binary data inserted for `string` type on column `encrypted_password`
  [1m[36mSQL (0.4ms)[0m  [1mINSERT INTO "users" ("created_at", "email", "encrypted_password", "updated_at") VALUES (?, ?, ?, ?)[0m  [["created_at", "2014-09-02 05:18:09.616611"], ["email", "os1742@gmail.com"], ["encrypted_password", "$2a$10$MqrctpuylUBCozw8BtV7fOyTkAlH3/iYLRm5cQ1LTyH1Qk/idTq1i"], ["updated_at", "2014-09-02 05:18:09.616611"]]
  [1m[35m (0.7ms)[0m  commit transaction
  [1m[36m (0.0ms)[0m  [1mbegin transaction[0m
Binary data inserted for `string` type on column `current_sign_in_ip`
Binary data inserted for `string` type on column `last_sign_in_ip`
  [1m[35mSQL (0.3ms)[0m  UPDATE "users" SET "current_sign_in_at" = ?, "current_sign_in_ip" = ?, "last_sign_in_at" = ?, "last_sign_in_ip" = ?, "sign_in_count" = ?, "updated_at" = ? WHERE "users"."id" = 2  [["current_sign_in_at", "2014-09-02 05:18:09.620877"], ["current_sign_in_ip", "127.0.0.1"], ["last_sign_in_at", "2014-09-02 05:18:09.620877"], ["last_sign_in_ip", "127.0.0.1"], ["sign_in_count", 1], ["updated_at", "2014-09-02 05:18:09.621705"]]
  [1m[36m (0.6ms)[0m  [1mcommit transaction[0m
Redirected to http://localhost:3000/
Completed 302 Found in 94ms (ActiveRecord: 2.2ms)


Started GET "/" for 127.0.0.1 at 2014-09-02 14:18:09 +0900
Processing by StatusesController#index as HTML
  [1m[35mStatus Load (0.1ms)[0m  SELECT "statuses".* FROM "statuses"
  Rendered statuses/index.html.erb within layouts/application (4.5ms)
Completed 200 OK in 14ms (Views: 11.7ms | ActiveRecord: 0.4ms)


Started GET "/assets/statuses.css?body=1" for 127.0.0.1 at 2014-09-02 14:18:09 +0900


Started GET "/assets/turbolinks.js?body=1" for 127.0.0.1 at 2014-09-02 14:18:09 +0900


Started GET "/assets/jquery.js?body=1" for 127.0.0.1 at 2014-09-02 14:18:09 +0900


Started GET "/assets/jquery_ujs.js?body=1" for 127.0.0.1 at 2014-09-02 14:18:09 +0900


Started GET "/assets/application.css?body=1" for 127.0.0.1 at 2014-09-02 14:18:09 +0900


Started GET "/assets/scaffolds.css?body=1" for 127.0.0.1 at 2014-09-02 14:18:09 +0900


Started GET "/assets/statuses.js?body=1" for 127.0.0.1 at 2014-09-02 14:18:09 +0900


Started GET "/assets/application.js?body=1" for 127.0.0.1 at 2014-09-02 14:18:09 +0900
  [1m[36mActiveRecord::SchemaMigration Load (0.2ms)[0m  [1mSELECT "schema_migrations".* FROM "schema_migrations"[0m
Migrating to AddUserIdToStatuses (20140902051956)
  [1m[36mActiveRecord::SchemaMigration Load (0.3ms)[0m  [1mSELECT "schema_migrations".* FROM "schema_migrations"[0m
Migrating to AddUserIdToStatuses (20140902051956)
  [1m[36mActiveRecord::SchemaMigration Load (0.6ms)[0m  [1mSELECT "schema_migrations".* FROM "schema_migrations"[0m
Migrating to AddUserIdToStatuses (20140902051956)
  [1m[35m (0.4ms)[0m  begin transaction
  [1m[36m (0.4ms)[0m  [1mALTER TABLE "statuses" ADD "user_id" integer[0m
  [1m[35m (0.1ms)[0m  select sqlite_version(*)
  [1m[36m (0.1ms)[0m  [1mCREATE  INDEX "index_statuses_on_user_id" ON "statuses" ("user_id")[0m
  [1m[35m (0.8ms)[0m  CREATE TEMPORARY TABLE "astatuses" ("id" INTEGER PRIMARY KEY AUTOINCREMENT NOT NULL, "name" varchar(255), "content" text, "created_at" datetime, "updated_at" datetime, "user_id" integer) 
  [1m[36m (0.1ms)[0m  [1m            SELECT sql
            FROM sqlite_master
            WHERE name='index_statuses_on_user_id' AND type='index'
            UNION ALL
            SELECT sql
            FROM sqlite_temp_master
            WHERE name='index_statuses_on_user_id' AND type='index'
[0m
  [1m[35m (0.1ms)[0m  CREATE  INDEX "tindex_astatuses_on_user_id" ON "astatuses" ("user_id")
  [1m[36m (0.0ms)[0m  [1mSELECT * FROM "statuses"[0m
  [1m[35m (0.2ms)[0m  INSERT INTO "astatuses" ("id","name","content","created_at","updated_at","user_id") VALUES (1, 'subin', 'Software Maestro 5th', '2014-09-02 02:49:27.035362', '2014-09-02 02:49:27.035362', NULL)
  [1m[36m (0.5ms)[0m  [1mDROP TABLE "statuses"[0m
  [1m[35m (0.2ms)[0m  CREATE TABLE "statuses" ("id" INTEGER PRIMARY KEY AUTOINCREMENT NOT NULL, "content" text, "created_at" datetime, "updated_at" datetime, "user_id" integer) 
  [1m[36m (0.1ms)[0m  [1m            SELECT sql
            FROM sqlite_master
            WHERE name='tindex_astatuses_on_user_id' AND type='index'
            UNION ALL
            SELECT sql
            FROM sqlite_temp_master
            WHERE name='tindex_astatuses_on_user_id' AND type='index'
[0m
  [1m[35m (0.2ms)[0m  CREATE  INDEX "index_statuses_on_user_id" ON "statuses" ("user_id")
  [1m[36m (0.3ms)[0m  [1mSELECT * FROM "astatuses"[0m
  [1m[35m (0.6ms)[0m  INSERT INTO "statuses" ("id","content","created_at","updated_at","user_id") VALUES (1, 'Software Maestro 5th', '2014-09-02 02:49:27.035362', '2014-09-02 02:49:27.035362', NULL)
  [1m[36m (2.5ms)[0m  [1mDROP TABLE "astatuses"[0m
  [1m[35mSQL (0.6ms)[0m  INSERT INTO "schema_migrations" ("version") VALUES (?)  [["version", "20140902051956"]]
  [1m[36m (18.4ms)[0m  [1mcommit transaction[0m
  [1m[35mActiveRecord::SchemaMigration Load (0.1ms)[0m  SELECT "schema_migrations".* FROM "schema_migrations"
  [1m[36m (0.3ms)[0m  [1m            SELECT sql
            FROM sqlite_master
            WHERE name='index_statuses_on_user_id' AND type='index'
            UNION ALL
            SELECT sql
            FROM sqlite_temp_master
            WHERE name='index_statuses_on_user_id' AND type='index'
[0m
  [1m[35m (0.1ms)[0m              SELECT sql
            FROM sqlite_master
            WHERE name='index_users_on_reset_password_token' AND type='index'
            UNION ALL
            SELECT sql
            FROM sqlite_temp_master
            WHERE name='index_users_on_reset_password_token' AND type='index'

  [1m[36m (0.1ms)[0m  [1m            SELECT sql
            FROM sqlite_master
            WHERE name='index_users_on_email' AND type='index'
            UNION ALL
            SELECT sql
            FROM sqlite_temp_master
            WHERE name='index_users_on_email' AND type='index'
[0m
  [1m[36mSQL (19.7ms)[0m  [1mDELETE FROM "statuses"[0m
